<?xml version="1.0" encoding="UTF-8"?>
<!-- Generated by org.testng.reporters.JUnitReportReporter -->
<testsuite hostname="meimei" failures="0" tests="1" name="example.NewTest" time="0.007" errors="0" timestamp="2023-02-11T15:36:13 ICT" skipped="0">
  <testcase classname="example.NewTest" name="TC01_CheckEnvironment" time="0.007"/>
  <system-out/>
</testsuite> <!-- example.NewTest -->
